  % Total    % Received % Xferd  Average Speed   Time    Time     Time  Current
                                 Dload  Upload   Total   Spent    Left  Speed
  0     0    0     0    0     0      0      0 --:--:-- --:--:-- --:--:--     0*   Trying 3.143.221.120:80...
* Connected to ec2-3-143-221-120.us-east-2.compute.amazonaws.com (3.143.221.120) port 80 (#0)
> GET / HTTP/1.1
> Host: ec2-3-143-221-120.us-east-2.compute.amazonaws.com
> User-Agent: curl/7.81.0
> Accept: */*
> Cookie: login=eyJ1c2VybmFtZSI6ImF3ZGVvcmlvIn0.ZSxsxQ.C0KednkUAbSFUMiOKKluMvZe9Po
> 
* Mark bundle as not supporting multiuse
< HTTP/1.1 200 OK
< Server: nginx/1.18.0 (Ubuntu)
< Date: Sun, 15 Oct 2023 22:50:52 GMT
< Content-Type: text/html; charset=utf-8
< Content-Length: 864
< Connection: keep-alive
< Vary: Cookie
< 
{ [864 bytes data]
100   864  100   864    0     0  12599      0 --:--:-- --:--:-- --:--:-- 12705
* Connection #0 to host ec2-3-143-221-120.us-east-2.compute.amazonaws.com left intact
